Flow report for praca6
Tue Oct 24 18:56:16 2023
Quartus II 64-Bit Version 13.1.0 Build 162 10/23/2013 SJ Web Edition


---------------------
; Table of Contents ;
---------------------
  1. Legal Notice
  2. Flow Summary
  3. Flow Settings
  4. Flow Non-Default Global Settings
  5. Flow Elapsed Time
  6. Flow OS Summary
  7. Flow Log
  8. Flow Messages
  9. Flow Suppressed Messages



----------------
; Legal Notice ;
----------------
Copyright (C) 1991-2013 Altera Corporation
Your use of Altera Corporation's design tools, logic functions 
and other software and tools, and its AMPP partner logic 
functions, and any output files from any of the foregoing 
(including device programming or simulation files), and any 
associated documentation or information are expressly subject 
to the terms and conditions of the Altera Program License 
Subscription Agreement, Altera MegaCore Function License 
Agreement, or other applicable license agreement, including, 
without limitation, that your use is for the sole purpose of 
programming logic devices manufactured by Altera and sold by 
Altera or its authorized distributors.  Please refer to the 
applicable agreement for further details.



+------------------------------------------------------------------------+
; Flow Summary                                                           ;
+---------------------------+--------------------------------------------+
; Flow Status               ; Successful - Tue Oct 24 18:56:16 2023      ;
; Quartus II 64-Bit Version ; 13.1.0 Build 162 10/23/2013 SJ Web Edition ;
; Revision Name             ; praca6                                     ;
; Top-level Entity Name     ; praca6                                     ;
; Family                    ; MAX II                                     ;
; Device                    ; EPM240F100C4                               ;
; Timing Models             ; Final                                      ;
; Total logic elements      ; 18 / 240 ( 8 % )                           ;
; Total pins                ; 7 / 80 ( 9 % )                             ;
; Total virtual pins        ; 0                                          ;
; UFM blocks                ; 0 / 1 ( 0 % )                              ;
+---------------------------+--------------------------------------------+


+-----------------------------------------+
; Flow Settings                           ;
+-------------------+---------------------+
; Option            ; Setting             ;
+-------------------+---------------------+
; Start date & time ; 10/07/2023 12:48:57 ;
; Main task         ; Compilation         ;
; Revision Name     ; praca6              ;
+-------------------+---------------------+


+---------------------------------------------------------------------------------------------------------------------------------------------+
; Flow Non-Default Global Settings                                                                                                            ;
+---------------------------------+------------------------------------------------------------+---------------+-------------+----------------+
; Assignment Name                 ; Value                                                      ; Default Value ; Entity Name ; Section Id     ;
+---------------------------------+------------------------------------------------------------+---------------+-------------+----------------+
; COMPILER_SIGNATURE_ID           ; 9413545335564.169667213712672                              ; --            ; --          ; --             ;
; EDA_GENERATE_FUNCTIONAL_NETLIST ; On                                                         ; --            ; --          ; eda_simulation ;
; EDA_NETLIST_WRITER_OUTPUT_DIR   ; C:/Users/Alex/Desktop/3sem/arxvmis/pract6/simulation/qsim/ ; --            ; --          ; eda_simulation ;
; EDA_OUTPUT_DATA_FORMAT          ; Verilog Hdl                                                ; --            ; --          ; eda_simulation ;
; EDA_SIMULATION_TOOL             ; ModelSim-Altera (Verilog)                                  ; <None>        ; --          ; --             ;
; MAX_CORE_JUNCTION_TEMP          ; 85                                                         ; --            ; --          ; --             ;
; MIN_CORE_JUNCTION_TEMP          ; 0                                                          ; --            ; --          ; --             ;
; PROJECT_OUTPUT_DIRECTORY        ; output_files                                               ; --            ; --          ; --             ;
+---------------------------------+------------------------------------------------------------+---------------+-------------+----------------+


+-------------------------------------------------------------------------------------------------------------------------------+
; Flow Elapsed Time                                                                                                             ;
+---------------------------+--------------+-------------------------+---------------------+------------------------------------+
; Module Name               ; Elapsed Time ; Average Processors Used ; Peak Virtual Memory ; Total CPU Time (on all processors) ;
+---------------------------+--------------+-------------------------+---------------------+------------------------------------+
; Analysis & Synthesis      ; 00:00:01     ; 1.0                     ; 4590 MB             ; 00:00:00                           ;
; Fitter                    ; 00:00:00     ; 1.0                     ; 4826 MB             ; 00:00:00                           ;
; Assembler                 ; 00:00:01     ; 1.0                     ; 4549 MB             ; 00:00:00                           ;
; TimeQuest Timing Analyzer ; 00:00:00     ; 1.0                     ; 4551 MB             ; 00:00:00                           ;
; EDA Netlist Writer        ; 00:00:00     ; 1.0                     ; 4509 MB             ; 00:00:00                           ;
; EDA Netlist Writer        ; 00:00:00     ; 1.0                     ; 4527 MB             ; 00:00:00                           ;
; EDA Netlist Writer        ; 00:00:01     ; 1.0                     ; 4527 MB             ; 00:00:00                           ;
; EDA Netlist Writer        ; 00:00:00     ; 1.0                     ; 4527 MB             ; 00:00:00                           ;
; EDA Netlist Writer        ; 00:00:00     ; 1.0                     ; 4527 MB             ; 00:00:00                           ;
; EDA Netlist Writer        ; 00:00:00     ; 1.0                     ; 4527 MB             ; 00:00:00                           ;
; EDA Netlist Writer        ; 00:00:00     ; 1.0                     ; 4527 MB             ; 00:00:00                           ;
; EDA Netlist Writer        ; 00:00:00     ; 1.0                     ; 4527 MB             ; 00:00:00                           ;
; EDA Netlist Writer        ; 00:00:00     ; 1.0                     ; 4527 MB             ; 00:00:00                           ;
; EDA Netlist Writer        ; 00:00:00     ; 1.0                     ; 4527 MB             ; 00:00:00                           ;
; EDA Netlist Writer        ; 00:00:00     ; 1.0                     ; 4527 MB             ; 00:00:00                           ;
; EDA Netlist Writer        ; 00:00:00     ; 1.0                     ; 4527 MB             ; 00:00:00                           ;
; EDA Netlist Writer        ; 00:00:00     ; 1.0                     ; 4527 MB             ; 00:00:00                           ;
; EDA Netlist Writer        ; 00:00:00     ; 1.0                     ; 4527 MB             ; 00:00:00                           ;
; EDA Netlist Writer        ; 00:00:01     ; 1.0                     ; 4527 MB             ; 00:00:00                           ;
; EDA Netlist Writer        ; 00:00:01     ; 1.0                     ; 4527 MB             ; 00:00:00                           ;
; EDA Netlist Writer        ; 00:00:00     ; 1.0                     ; 4527 MB             ; 00:00:00                           ;
; EDA Netlist Writer        ; 00:00:00     ; 1.0                     ; 4527 MB             ; 00:00:00                           ;
; EDA Netlist Writer        ; 00:00:00     ; 1.0                     ; 4527 MB             ; 00:00:00                           ;
; EDA Netlist Writer        ; 00:00:00     ; 1.0                     ; 4527 MB             ; 00:00:00                           ;
; EDA Netlist Writer        ; 00:00:01     ; 1.0                     ; 4527 MB             ; 00:00:00                           ;
; EDA Netlist Writer        ; 00:00:00     ; 1.0                     ; 4527 MB             ; 00:00:00                           ;
; EDA Netlist Writer        ; 00:00:00     ; 1.0                     ; 4527 MB             ; 00:00:00                           ;
; EDA Netlist Writer        ; 00:00:00     ; 1.0                     ; 4527 MB             ; 00:00:00                           ;
; EDA Netlist Writer        ; 00:00:00     ; 1.0                     ; 4527 MB             ; 00:00:00                           ;
; EDA Netlist Writer        ; 00:00:00     ; 1.0                     ; 4527 MB             ; 00:00:00                           ;
; EDA Netlist Writer        ; 00:00:00     ; 1.0                     ; 4527 MB             ; 00:00:00                           ;
; Total                     ; 00:00:06     ; --                      ; --                  ; 00:00:00                           ;
+---------------------------+--------------+-------------------------+---------------------+------------------------------------+


+----------------------------------------------------------------------------------------+
; Flow OS Summary                                                                        ;
+---------------------------+------------------+-----------+------------+----------------+
; Module Name               ; Machine Hostname ; OS Name   ; OS Version ; Processor type ;
+---------------------------+------------------+-----------+------------+----------------+
; Analysis & Synthesis      ; HOME-PC          ; Windows 7 ; 6.2        ; x86_64         ;
; Fitter                    ; HOME-PC          ; Windows 7 ; 6.2        ; x86_64         ;
; Assembler                 ; HOME-PC          ; Windows 7 ; 6.2        ; x86_64         ;
; TimeQuest Timing Analyzer ; HOME-PC          ; Windows 7 ; 6.2        ; x86_64         ;
; EDA Netlist Writer        ; HOME-PC          ; Windows 7 ; 6.2        ; x86_64         ;
; EDA Netlist Writer        ; HOME-PC          ; Windows 7 ; 6.2        ; x86_64         ;
; EDA Netlist Writer        ; HOME-PC          ; Windows 7 ; 6.2        ; x86_64         ;
; EDA Netlist Writer        ; HOME-PC          ; Windows 7 ; 6.2        ; x86_64         ;
; EDA Netlist Writer        ; HOME-PC          ; Windows 7 ; 6.2        ; x86_64         ;
; EDA Netlist Writer        ; HOME-PC          ; Windows 7 ; 6.2        ; x86_64         ;
; EDA Netlist Writer        ; HOME-PC          ; Windows 7 ; 6.2        ; x86_64         ;
; EDA Netlist Writer        ; HOME-PC          ; Windows 7 ; 6.2        ; x86_64         ;
; EDA Netlist Writer        ; HOME-PC          ; Windows 7 ; 6.2        ; x86_64         ;
; EDA Netlist Writer        ; HOME-PC          ; Windows 7 ; 6.2        ; x86_64         ;
; EDA Netlist Writer        ; HOME-PC          ; Windows 7 ; 6.2        ; x86_64         ;
; EDA Netlist Writer        ; HOME-PC          ; Windows 7 ; 6.2        ; x86_64         ;
; EDA Netlist Writer        ; HOME-PC          ; Windows 7 ; 6.2        ; x86_64         ;
; EDA Netlist Writer        ; HOME-PC          ; Windows 7 ; 6.2        ; x86_64         ;
; EDA Netlist Writer        ; HOME-PC          ; Windows 7 ; 6.2        ; x86_64         ;
; EDA Netlist Writer        ; HOME-PC          ; Windows 7 ; 6.2        ; x86_64         ;
; EDA Netlist Writer        ; HOME-PC          ; Windows 7 ; 6.2        ; x86_64         ;
; EDA Netlist Writer        ; HOME-PC          ; Windows 7 ; 6.2        ; x86_64         ;
; EDA Netlist Writer        ; HOME-PC          ; Windows 7 ; 6.2        ; x86_64         ;
; EDA Netlist Writer        ; HOME-PC          ; Windows 7 ; 6.2        ; x86_64         ;
; EDA Netlist Writer        ; HOME-PC          ; Windows 7 ; 6.2        ; x86_64         ;
; EDA Netlist Writer        ; HOME-PC          ; Windows 7 ; 6.2        ; x86_64         ;
; EDA Netlist Writer        ; HOME-PC          ; Windows 7 ; 6.2        ; x86_64         ;
; EDA Netlist Writer        ; HOME-PC          ; Windows 7 ; 6.2        ; x86_64         ;
; EDA Netlist Writer        ; HOME-PC          ; Windows 7 ; 6.2        ; x86_64         ;
; EDA Netlist Writer        ; HOME-PC          ; Windows 7 ; 6.2        ; x86_64         ;
; EDA Netlist Writer        ; HOME-PC          ; Windows 7 ; 6.2        ; x86_64         ;
+---------------------------+------------------+-----------+------------+----------------+


------------
; Flow Log ;
------------
quartus_map --read_settings_files=on --write_settings_files=off praca6 -c praca6
quartus_fit --read_settings_files=off --write_settings_files=off praca6 -c praca6
quartus_asm --read_settings_files=off --write_settings_files=off praca6 -c praca6
quartus_sta praca6 -c praca6
quartus_eda --read_settings_files=off --write_settings_files=off praca6 -c praca6
quartus_eda --gen_testbench --check_outputs=on --tool=modelsim_oem --format=verilog praca6 -c praca6 --vector_source=C:/Users/Alex/Desktop/3sem/arxvmis/pract6/a0b0.vwf --testbench_file=C:/Users/Alex/Desktop/3sem/arxvmis/pract6/simulation/qsim/a0b0.vwf.vt
quartus_eda --functional=on --flatten_buses=off --simulation=on --tool=modelsim_oem --format=verilog --output_directory=C:/Users/Alex/Desktop/3sem/arxvmis/pract6/simulation/qsim/ praca6 -c praca6
quartus_eda --gen_testbench --check_outputs=on --tool=modelsim_oem --format=verilog praca6 -c praca6 --vector_source=C:/Users/Alex/Desktop/3sem/arxvmis/pract6/a0b0.vwf --testbench_file=C:/Users/Alex/Desktop/3sem/arxvmis/pract6/simulation/qsim/a0b0.vwf.vt
quartus_eda --functional=on --flatten_buses=off --simulation=on --tool=modelsim_oem --format=verilog --output_directory=C:/Users/Alex/Desktop/3sem/arxvmis/pract6/simulation/qsim/ praca6 -c praca6
quartus_eda --gen_testbench --check_outputs=on --tool=modelsim_oem --format=verilog praca6 -c praca6 --vector_source=C:/Users/Alex/Desktop/3sem/arxvmis/pract6/a0b0.vwf --testbench_file=C:/Users/Alex/Desktop/3sem/arxvmis/pract6/simulation/qsim/a0b0.vwf.vt
quartus_eda --functional=on --flatten_buses=off --simulation=on --tool=modelsim_oem --format=verilog --output_directory=C:/Users/Alex/Desktop/3sem/arxvmis/pract6/simulation/qsim/ praca6 -c praca6
quartus_eda --gen_testbench --check_outputs=on --tool=modelsim_oem --format=verilog praca6 -c praca6 --vector_source=C:/Users/Alex/Desktop/3sem/arxvmis/pract6/a0b0.vwf --testbench_file=C:/Users/Alex/Desktop/3sem/arxvmis/pract6/simulation/qsim/a0b0.vwf.vt
quartus_eda --functional=on --flatten_buses=off --simulation=on --tool=modelsim_oem --format=verilog --output_directory=C:/Users/Alex/Desktop/3sem/arxvmis/pract6/simulation/qsim/ praca6 -c praca6
quartus_eda --gen_testbench --check_outputs=on --tool=modelsim_oem --format=verilog praca6 -c praca6 --vector_source=C:/Users/Alex/Desktop/3sem/arxvmis/pract6/a0b0.vwf --testbench_file=C:/Users/Alex/Desktop/3sem/arxvmis/pract6/simulation/qsim/a0b0.vwf.vt
quartus_eda --functional=on --flatten_buses=off --simulation=on --tool=modelsim_oem --format=verilog --output_directory=C:/Users/Alex/Desktop/3sem/arxvmis/pract6/simulation/qsim/ praca6 -c praca6
quartus_eda --gen_testbench --check_outputs=on --tool=modelsim_oem --format=verilog praca6 -c praca6 --vector_source=C:/Users/Alex/Desktop/3sem/arxvmis/pract6/a0b0.vwf --testbench_file=C:/Users/Alex/Desktop/3sem/arxvmis/pract6/simulation/qsim/a0b0.vwf.vt
quartus_eda --functional=on --flatten_buses=off --simulation=on --tool=modelsim_oem --format=verilog --output_directory=C:/Users/Alex/Desktop/3sem/arxvmis/pract6/simulation/qsim/ praca6 -c praca6
quartus_eda --gen_testbench --check_outputs=on --tool=modelsim_oem --format=verilog praca6 -c praca6 --vector_source=C:/Users/Alex/Desktop/3sem/arxvmis/pract6/a0b0.vwf --testbench_file=C:/Users/Alex/Desktop/3sem/arxvmis/pract6/simulation/qsim/a0b0.vwf.vt
quartus_eda --functional=on --flatten_buses=off --simulation=on --tool=modelsim_oem --format=verilog --output_directory=C:/Users/Alex/Desktop/3sem/arxvmis/pract6/simulation/qsim/ praca6 -c praca6
quartus_eda --gen_testbench --check_outputs=on --tool=modelsim_oem --format=verilog praca6 -c praca6 --vector_source=C:/Users/Alex/Desktop/3sem/arxvmis/pract6/a1b1.vwf --testbench_file=C:/Users/Alex/Desktop/3sem/arxvmis/pract6/simulation/qsim/a1b1.vwf.vt
quartus_eda --functional=on --flatten_buses=off --simulation=on --tool=modelsim_oem --format=verilog --output_directory=C:/Users/Alex/Desktop/3sem/arxvmis/pract6/simulation/qsim/ praca6 -c praca6
quartus_eda --gen_testbench --check_outputs=on --tool=modelsim_oem --format=verilog praca6 -c praca6 --vector_source=C:/Users/Alex/Desktop/3sem/arxvmis/pract6/a0b0.vwf --testbench_file=C:/Users/Alex/Desktop/3sem/arxvmis/pract6/simulation/qsim/a0b0.vwf.vt
quartus_eda --functional=on --flatten_buses=off --simulation=on --tool=modelsim_oem --format=verilog --output_directory=C:/Users/Alex/Desktop/3sem/arxvmis/pract6/simulation/qsim/ praca6 -c praca6
quartus_eda --gen_testbench --check_outputs=on --tool=modelsim_oem --format=verilog praca6 -c praca6 --vector_source=C:/Users/Alex/Desktop/3sem/arxvmis/pract6/a0b1.vwf --testbench_file=C:/Users/Alex/Desktop/3sem/arxvmis/pract6/simulation/qsim/a0b1.vwf.vt
quartus_eda --functional=on --flatten_buses=off --simulation=on --tool=modelsim_oem --format=verilog --output_directory=C:/Users/Alex/Desktop/3sem/arxvmis/pract6/simulation/qsim/ praca6 -c praca6
quartus_eda --gen_testbench --check_outputs=on --tool=modelsim_oem --format=verilog praca6 -c praca6 --vector_source=C:/Users/Alex/Desktop/3sem/arxvmis/pract6/a1b0.vwf --testbench_file=C:/Users/Alex/Desktop/3sem/arxvmis/pract6/simulation/qsim/a1b0.vwf.vt
quartus_eda --functional=on --flatten_buses=off --simulation=on --tool=modelsim_oem --format=verilog --output_directory=C:/Users/Alex/Desktop/3sem/arxvmis/pract6/simulation/qsim/ praca6 -c praca6
quartus_eda --gen_testbench --check_outputs=on --tool=modelsim_oem --format=verilog praca6 -c praca6 --vector_source=C:/Users/Alex/Desktop/3sem/arxvmis/pract6/a1b1.vwf --testbench_file=C:/Users/Alex/Desktop/3sem/arxvmis/pract6/simulation/qsim/a1b1.vwf.vt
quartus_eda --functional=on --flatten_buses=off --simulation=on --tool=modelsim_oem --format=verilog --output_directory=C:/Users/Alex/Desktop/3sem/arxvmis/pract6/simulation/qsim/ praca6 -c praca6
quartus_eda --gen_testbench --check_outputs=on --tool=modelsim_oem --format=verilog praca6 -c praca6 --vector_source=C:/Users/Alex/Desktop/3sem/arxvmis/pract6/a1b1.vwf --testbench_file=C:/Users/Alex/Desktop/3sem/arxvmis/pract6/simulation/qsim/a1b1.vwf.vt
quartus_eda --functional=on --flatten_buses=off --simulation=on --tool=modelsim_oem --format=verilog --output_directory=C:/Users/Alex/Desktop/3sem/arxvmis/pract6/simulation/qsim/ praca6 -c praca6



