Flow report for pract7
Tue Oct 24 19:16:28 2023
Quartus II 64-Bit Version 13.1.0 Build 162 10/23/2013 SJ Web Edition


---------------------
; Table of Contents ;
---------------------
  1. Legal Notice
  2. Flow Summary
  3. Flow Settings
  4. Flow Non-Default Global Settings
  5. Flow Elapsed Time
  6. Flow OS Summary
  7. Flow Log
  8. Flow Messages
  9. Flow Suppressed Messages



----------------
; Legal Notice ;
----------------
Copyright (C) 1991-2013 Altera Corporation
Your use of Altera Corporation's design tools, logic functions 
and other software and tools, and its AMPP partner logic 
functions, and any output files from any of the foregoing 
(including device programming or simulation files), and any 
associated documentation or information are expressly subject 
to the terms and conditions of the Altera Program License 
Subscription Agreement, Altera MegaCore Function License 
Agreement, or other applicable license agreement, including, 
without limitation, that your use is for the sole purpose of 
programming logic devices manufactured by Altera and sold by 
Altera or its authorized distributors.  Please refer to the 
applicable agreement for further details.



+---------------------------------------------------------------------------------+
; Flow Summary                                                                    ;
+------------------------------------+--------------------------------------------+
; Flow Status                        ; Successful - Tue Oct 24 19:16:28 2023      ;
; Quartus II 64-Bit Version          ; 13.1.0 Build 162 10/23/2013 SJ Web Edition ;
; Revision Name                      ; pract7                                     ;
; Top-level Entity Name              ; pract7                                     ;
; Family                             ; Cyclone IV GX                              ;
; Total logic elements               ; 8 / 14,400 ( < 1 % )                       ;
;     Total combinational functions  ; 8 / 14,400 ( < 1 % )                       ;
;     Dedicated logic registers      ; 4 / 14,400 ( < 1 % )                       ;
; Total registers                    ; 4                                          ;
; Total pins                         ; 7 / 81 ( 9 % )                             ;
; Total virtual pins                 ; 0                                          ;
; Total memory bits                  ; 0 / 552,960 ( 0 % )                        ;
; Embedded Multiplier 9-bit elements ; 0                                          ;
; Total GXB Receiver Channel PCS     ; 0 / 2 ( 0 % )                              ;
; Total GXB Receiver Channel PMA     ; 0 / 2 ( 0 % )                              ;
; Total GXB Transmitter Channel PCS  ; 0 / 2 ( 0 % )                              ;
; Total GXB Transmitter Channel PMA  ; 0 / 2 ( 0 % )                              ;
; Total PLLs                         ; 0 / 3 ( 0 % )                              ;
; Device                             ; EP4CGX15BF14C6                             ;
; Timing Models                      ; Final                                      ;
+------------------------------------+--------------------------------------------+


+-----------------------------------------+
; Flow Settings                           ;
+-------------------+---------------------+
; Option            ; Setting             ;
+-------------------+---------------------+
; Start date & time ; 10/07/2023 22:43:44 ;
; Main task         ; Compilation         ;
; Revision Name     ; pract7              ;
+-------------------+---------------------+


+--------------------------------------------------------------------------------------------------------------------+
; Flow Non-Default Global Settings                                                                                   ;
+-------------------------------------+-------------------------------+---------------+-------------+----------------+
; Assignment Name                     ; Value                         ; Default Value ; Entity Name ; Section Id     ;
+-------------------------------------+-------------------------------+---------------+-------------+----------------+
; COMPILER_SIGNATURE_ID               ; 9413545335564.169670782414700 ; --            ; --          ; --             ;
; EDA_OUTPUT_DATA_FORMAT              ; Verilog Hdl                   ; --            ; --          ; eda_simulation ;
; EDA_SIMULATION_TOOL                 ; ModelSim-Altera (Verilog)     ; <None>        ; --          ; --             ;
; PARTITION_COLOR                     ; 16764057                      ; --            ; --          ; Top            ;
; PARTITION_FITTER_PRESERVATION_LEVEL ; PLACEMENT_AND_ROUTING         ; --            ; --          ; Top            ;
; PARTITION_NETLIST_TYPE              ; SOURCE                        ; --            ; --          ; Top            ;
; PROJECT_OUTPUT_DIRECTORY            ; output_files                  ; --            ; --          ; --             ;
+-------------------------------------+-------------------------------+---------------+-------------+----------------+


+-------------------------------------------------------------------------------------------------------------------------------+
; Flow Elapsed Time                                                                                                             ;
+---------------------------+--------------+-------------------------+---------------------+------------------------------------+
; Module Name               ; Elapsed Time ; Average Processors Used ; Peak Virtual Memory ; Total CPU Time (on all processors) ;
+---------------------------+--------------+-------------------------+---------------------+------------------------------------+
; Analysis & Synthesis      ; 00:00:01     ; 1.0                     ; 4667 MB             ; 00:00:01                           ;
; Fitter                    ; 00:00:03     ; 1.0                     ; 5035 MB             ; 00:00:03                           ;
; Assembler                 ; 00:00:00     ; 1.0                     ; 4629 MB             ; 00:00:01                           ;
; TimeQuest Timing Analyzer ; 00:00:01     ; 1.0                     ; 4636 MB             ; 00:00:01                           ;
; EDA Netlist Writer        ; 00:00:01     ; 1.0                     ; 4582 MB             ; 00:00:00                           ;
; EDA Netlist Writer        ; 00:00:00     ; 1.0                     ; 4593 MB             ; 00:00:00                           ;
; EDA Netlist Writer        ; 00:00:01     ; 1.0                     ; 4592 MB             ; 00:00:00                           ;
; EDA Netlist Writer        ; 00:00:00     ; 1.0                     ; 4592 MB             ; 00:00:00                           ;
; EDA Netlist Writer        ; 00:00:01     ; 1.0                     ; 4592 MB             ; 00:00:00                           ;
; EDA Netlist Writer        ; 00:00:00     ; 1.0                     ; 4592 MB             ; 00:00:00                           ;
; EDA Netlist Writer        ; 00:00:00     ; 1.0                     ; 4592 MB             ; 00:00:00                           ;
; EDA Netlist Writer        ; 00:00:00     ; 1.0                     ; 4592 MB             ; 00:00:00                           ;
; EDA Netlist Writer        ; 00:00:01     ; 1.0                     ; 4593 MB             ; 00:00:00                           ;
; EDA Netlist Writer        ; 00:00:00     ; 1.0                     ; 4592 MB             ; 00:00:00                           ;
; EDA Netlist Writer        ; 00:00:01     ; 1.0                     ; 4592 MB             ; 00:00:00                           ;
; EDA Netlist Writer        ; 00:00:01     ; 1.0                     ; 4592 MB             ; 00:00:00                           ;
; EDA Netlist Writer        ; 00:00:00     ; 1.0                     ; 4592 MB             ; 00:00:00                           ;
; EDA Netlist Writer        ; 00:00:00     ; 1.0                     ; 4592 MB             ; 00:00:00                           ;
; EDA Netlist Writer        ; 00:00:00     ; 1.0                     ; 4592 MB             ; 00:00:00                           ;
; EDA Netlist Writer        ; 00:00:00     ; 1.0                     ; 4592 MB             ; 00:00:00                           ;
; EDA Netlist Writer        ; 00:00:00     ; 1.0                     ; 4592 MB             ; 00:00:00                           ;
; EDA Netlist Writer        ; 00:00:00     ; 1.0                     ; 4592 MB             ; 00:00:00                           ;
; EDA Netlist Writer        ; 00:00:01     ; 1.0                     ; 4592 MB             ; 00:00:00                           ;
; Total                     ; 00:00:12     ; --                      ; --                  ; 00:00:06                           ;
+---------------------------+--------------+-------------------------+---------------------+------------------------------------+


+----------------------------------------------------------------------------------------+
; Flow OS Summary                                                                        ;
+---------------------------+------------------+-----------+------------+----------------+
; Module Name               ; Machine Hostname ; OS Name   ; OS Version ; Processor type ;
+---------------------------+------------------+-----------+------------+----------------+
; Analysis & Synthesis      ; HOME-PC          ; Windows 7 ; 6.2        ; x86_64         ;
; Fitter                    ; HOME-PC          ; Windows 7 ; 6.2        ; x86_64         ;
; Assembler                 ; HOME-PC          ; Windows 7 ; 6.2        ; x86_64         ;
; TimeQuest Timing Analyzer ; HOME-PC          ; Windows 7 ; 6.2        ; x86_64         ;
; EDA Netlist Writer        ; HOME-PC          ; Windows 7 ; 6.2        ; x86_64         ;
; EDA Netlist Writer        ; HOME-PC          ; Windows 7 ; 6.2        ; x86_64         ;
; EDA Netlist Writer        ; HOME-PC          ; Windows 7 ; 6.2        ; x86_64         ;
; EDA Netlist Writer        ; HOME-PC          ; Windows 7 ; 6.2        ; x86_64         ;
; EDA Netlist Writer        ; HOME-PC          ; Windows 7 ; 6.2        ; x86_64         ;
; EDA Netlist Writer        ; HOME-PC          ; Windows 7 ; 6.2        ; x86_64         ;
; EDA Netlist Writer        ; HOME-PC          ; Windows 7 ; 6.2        ; x86_64         ;
; EDA Netlist Writer        ; HOME-PC          ; Windows 7 ; 6.2        ; x86_64         ;
; EDA Netlist Writer        ; HOME-PC          ; Windows 7 ; 6.2        ; x86_64         ;
; EDA Netlist Writer        ; HOME-PC          ; Windows 7 ; 6.2        ; x86_64         ;
; EDA Netlist Writer        ; HOME-PC          ; Windows 7 ; 6.2        ; x86_64         ;
; EDA Netlist Writer        ; HOME-PC          ; Windows 7 ; 6.2        ; x86_64         ;
; EDA Netlist Writer        ; HOME-PC          ; Windows 7 ; 6.2        ; x86_64         ;
; EDA Netlist Writer        ; HOME-PC          ; Windows 7 ; 6.2        ; x86_64         ;
; EDA Netlist Writer        ; HOME-PC          ; Windows 7 ; 6.2        ; x86_64         ;
; EDA Netlist Writer        ; HOME-PC          ; Windows 7 ; 6.2        ; x86_64         ;
; EDA Netlist Writer        ; HOME-PC          ; Windows 7 ; 6.2        ; x86_64         ;
; EDA Netlist Writer        ; HOME-PC          ; Windows 7 ; 6.2        ; x86_64         ;
; EDA Netlist Writer        ; HOME-PC          ; Windows 7 ; 6.2        ; x86_64         ;
+---------------------------+------------------+-----------+------------+----------------+


------------
; Flow Log ;
------------
quartus_map --read_settings_files=on --write_settings_files=off pract7 -c pract7
quartus_fit --read_settings_files=off --write_settings_files=off pract7 -c pract7
quartus_asm --read_settings_files=off --write_settings_files=off pract7 -c pract7
quartus_sta pract7 -c pract7
quartus_eda --read_settings_files=off --write_settings_files=off pract7 -c pract7
quartus_eda --gen_testbench --check_outputs=on --tool=modelsim_oem --format=verilog pract7 -c pract7 --vector_source=C:/Users/Alex/Desktop/3sem/arxvmis/pract7/a1b1.vwf --testbench_file=C:/Users/Alex/Desktop/3sem/arxvmis/pract7/simulation/qsim/a1b1.vwf.vt
quartus_eda --functional=on --flatten_buses=off --simulation=on --tool=modelsim_oem --format=verilog --output_directory=C:/Users/Alex/Desktop/3sem/arxvmis/pract7/simulation/qsim/ pract7 -c pract7
quartus_eda --gen_testbench --check_outputs=on --tool=modelsim_oem --format=verilog pract7 -c pract7 --vector_source=C:/Users/Alex/Desktop/3sem/arxvmis/pract7/a0b0.vwf --testbench_file=C:/Users/Alex/Desktop/3sem/arxvmis/pract7/simulation/qsim/a0b0.vwf.vt
quartus_eda --functional=on --flatten_buses=off --simulation=on --tool=modelsim_oem --format=verilog --output_directory=C:/Users/Alex/Desktop/3sem/arxvmis/pract7/simulation/qsim/ pract7 -c pract7
quartus_eda --gen_testbench --check_outputs=on --tool=modelsim_oem --format=verilog pract7 -c pract7 --vector_source=C:/Users/Alex/Desktop/3sem/arxvmis/pract7/a1b0.vwf --testbench_file=C:/Users/Alex/Desktop/3sem/arxvmis/pract7/simulation/qsim/a1b0.vwf.vt
quartus_eda --functional=on --flatten_buses=off --simulation=on --tool=modelsim_oem --format=verilog --output_directory=C:/Users/Alex/Desktop/3sem/arxvmis/pract7/simulation/qsim/ pract7 -c pract7
quartus_eda --gen_testbench --check_outputs=on --tool=modelsim_oem --format=verilog pract7 -c pract7 --vector_source=C:/Users/Alex/Desktop/3sem/arxvmis/pract7/a0b1.vwf --testbench_file=C:/Users/Alex/Desktop/3sem/arxvmis/pract7/simulation/qsim/a0b1.vwf.vt
quartus_eda --functional=on --flatten_buses=off --simulation=on --tool=modelsim_oem --format=verilog --output_directory=C:/Users/Alex/Desktop/3sem/arxvmis/pract7/simulation/qsim/ pract7 -c pract7
quartus_eda --gen_testbench --check_outputs=on --tool=modelsim_oem --format=verilog pract7 -c pract7 --vector_source=C:/Users/Alex/Desktop/3sem/arxvmis/pract7/a0b0.vwf --testbench_file=C:/Users/Alex/Desktop/3sem/arxvmis/pract7/simulation/qsim/a0b0.vwf.vt
quartus_eda --functional=on --flatten_buses=off --simulation=on --tool=modelsim_oem --format=verilog --output_directory=C:/Users/Alex/Desktop/3sem/arxvmis/pract7/simulation/qsim/ pract7 -c pract7
quartus_eda --gen_testbench --check_outputs=on --tool=modelsim_oem --format=verilog pract7 -c pract7 --vector_source=C:/Users/Alex/Desktop/3sem/arxvmis/pract7/a0b0.vwf --testbench_file=C:/Users/Alex/Desktop/3sem/arxvmis/pract7/simulation/qsim/a0b0.vwf.vt
quartus_eda --functional=on --flatten_buses=off --simulation=on --tool=modelsim_oem --format=verilog --output_directory=C:/Users/Alex/Desktop/3sem/arxvmis/pract7/simulation/qsim/ pract7 -c pract7
quartus_eda --gen_testbench --check_outputs=on --tool=modelsim_oem --format=verilog pract7 -c pract7 --vector_source=C:/Users/Alex/Desktop/3sem/arxvmis/pract7/a0b1.vwf --testbench_file=C:/Users/Alex/Desktop/3sem/arxvmis/pract7/simulation/qsim/a0b1.vwf.vt
quartus_eda --functional=on --flatten_buses=off --simulation=on --tool=modelsim_oem --format=verilog --output_directory=C:/Users/Alex/Desktop/3sem/arxvmis/pract7/simulation/qsim/ pract7 -c pract7
quartus_eda --gen_testbench --check_outputs=on --tool=modelsim_oem --format=verilog pract7 -c pract7 --vector_source=C:/Users/Alex/Desktop/3sem/arxvmis/pract7/a1b0.vwf --testbench_file=C:/Users/Alex/Desktop/3sem/arxvmis/pract7/simulation/qsim/a1b0.vwf.vt
quartus_eda --functional=on --flatten_buses=off --simulation=on --tool=modelsim_oem --format=verilog --output_directory=C:/Users/Alex/Desktop/3sem/arxvmis/pract7/simulation/qsim/ pract7 -c pract7
quartus_eda --gen_testbench --check_outputs=on --tool=modelsim_oem --format=verilog pract7 -c pract7 --vector_source=C:/Users/Alex/Desktop/3sem/arxvmis/pract7/a1b1.vwf --testbench_file=C:/Users/Alex/Desktop/3sem/arxvmis/pract7/simulation/qsim/a1b1.vwf.vt
quartus_eda --functional=on --flatten_buses=off --simulation=on --tool=modelsim_oem --format=verilog --output_directory=C:/Users/Alex/Desktop/3sem/arxvmis/pract7/simulation/qsim/ pract7 -c pract7



