Flow report for practica1
Tue Oct 24 17:48:11 2023
Quartus II 64-Bit Version 13.1.0 Build 162 10/23/2013 SJ Web Edition


---------------------
; Table of Contents ;
---------------------
  1. Legal Notice
  2. Flow Summary
  3. Flow Settings
  4. Flow Non-Default Global Settings
  5. Flow Elapsed Time
  6. Flow OS Summary
  7. Flow Log
  8. Flow Messages
  9. Flow Suppressed Messages



----------------
; Legal Notice ;
----------------
Copyright (C) 1991-2013 Altera Corporation
Your use of Altera Corporation's design tools, logic functions 
and other software and tools, and its AMPP partner logic 
functions, and any output files from any of the foregoing 
(including device programming or simulation files), and any 
associated documentation or information are expressly subject 
to the terms and conditions of the Altera Program License 
Subscription Agreement, Altera MegaCore Function License 
Agreement, or other applicable license agreement, including, 
without limitation, that your use is for the sole purpose of 
programming logic devices manufactured by Altera and sold by 
Altera or its authorized distributors.  Please refer to the 
applicable agreement for further details.



+------------------------------------------------------------------------------+
; Flow Summary                                                                 ;
+---------------------------------+--------------------------------------------+
; Flow Status                     ; Successful - Tue Oct 24 17:48:11 2023      ;
; Quartus II 64-Bit Version       ; 13.1.0 Build 162 10/23/2013 SJ Web Edition ;
; Revision Name                   ; practica1                                  ;
; Top-level Entity Name           ; practica1                                  ;
; Family                          ; Cyclone V                                  ;
; Device                          ; 5CGXFC7C7F23C8                             ;
; Timing Models                   ; Final                                      ;
; Logic utilization (in ALMs)     ; 1 / 56,480 ( < 1 % )                       ;
; Total registers                 ; 0                                          ;
; Total pins                      ; 5 / 268 ( 2 % )                            ;
; Total virtual pins              ; 0                                          ;
; Total block memory bits         ; 0 / 7,024,640 ( 0 % )                      ;
; Total DSP Blocks                ; 0 / 156 ( 0 % )                            ;
; Total HSSI RX PCSs              ; 0 / 6 ( 0 % )                              ;
; Total HSSI PMA RX Deserializers ; 0 / 6 ( 0 % )                              ;
; Total HSSI TX PCSs              ; 0 / 6 ( 0 % )                              ;
; Total HSSI TX Channels          ; 0 / 6 ( 0 % )                              ;
; Total PLLs                      ; 0 / 13 ( 0 % )                             ;
; Total DLLs                      ; 0 / 4 ( 0 % )                              ;
+---------------------------------+--------------------------------------------+


+-----------------------------------------+
; Flow Settings                           ;
+-------------------+---------------------+
; Option            ; Setting             ;
+-------------------+---------------------+
; Start date & time ; 10/01/2023 00:43:22 ;
; Main task         ; Compilation         ;
; Revision Name     ; practica1           ;
+-------------------+---------------------+


+-------------------------------------------------------------------------------------------------------------------------------------------------+
; Flow Non-Default Global Settings                                                                                                                ;
+-------------------------------------+------------------------------------------------------------+---------------+-------------+----------------+
; Assignment Name                     ; Value                                                      ; Default Value ; Entity Name ; Section Id     ;
+-------------------------------------+------------------------------------------------------------+---------------+-------------+----------------+
; COMPILER_SIGNATURE_ID               ; 9413545335564.169611020202904                              ; --            ; --          ; --             ;
; EDA_GENERATE_FUNCTIONAL_NETLIST     ; On                                                         ; --            ; --          ; eda_simulation ;
; EDA_NETLIST_WRITER_OUTPUT_DIR       ; C:/Users/Alex/Desktop/3sem/arxvmis/pract1/simulation/qsim/ ; --            ; --          ; eda_simulation ;
; EDA_OUTPUT_DATA_FORMAT              ; Verilog Hdl                                                ; --            ; --          ; eda_simulation ;
; EDA_SIMULATION_TOOL                 ; ModelSim-Altera (Verilog)                                  ; <None>        ; --          ; --             ;
; EDA_TIME_SCALE                      ; 1 ps                                                       ; --            ; --          ; eda_simulation ;
; MAX_CORE_JUNCTION_TEMP              ; 85                                                         ; --            ; --          ; --             ;
; MIN_CORE_JUNCTION_TEMP              ; 0                                                          ; --            ; --          ; --             ;
; PARTITION_COLOR                     ; 16764057                                                   ; --            ; --          ; Top            ;
; PARTITION_FITTER_PRESERVATION_LEVEL ; PLACEMENT_AND_ROUTING                                      ; --            ; --          ; Top            ;
; PARTITION_NETLIST_TYPE              ; SOURCE                                                     ; --            ; --          ; Top            ;
; POWER_BOARD_THERMAL_MODEL           ; None (CONSERVATIVE)                                        ; --            ; --          ; --             ;
; POWER_PRESET_COOLING_SOLUTION       ; 23 MM HEAT SINK WITH 200 LFPM AIRFLOW                      ; --            ; --          ; --             ;
; PROJECT_OUTPUT_DIRECTORY            ; output_files                                               ; --            ; --          ; --             ;
+-------------------------------------+------------------------------------------------------------+---------------+-------------+----------------+


+-------------------------------------------------------------------------------------------------------------------------------+
; Flow Elapsed Time                                                                                                             ;
+---------------------------+--------------+-------------------------+---------------------+------------------------------------+
; Module Name               ; Elapsed Time ; Average Processors Used ; Peak Virtual Memory ; Total CPU Time (on all processors) ;
+---------------------------+--------------+-------------------------+---------------------+------------------------------------+
; Analysis & Synthesis      ; 00:00:01     ; 1.0                     ; 4668 MB             ; 00:00:01                           ;
; Fitter                    ; 00:00:29     ; 1.0                     ; 5830 MB             ; 00:00:24                           ;
; Assembler                 ; 00:00:07     ; 1.0                     ; 4746 MB             ; 00:00:06                           ;
; TimeQuest Timing Analyzer ; 00:00:05     ; 1.0                     ; 4948 MB             ; 00:00:03                           ;
; EDA Netlist Writer        ; 00:00:00     ; 1.0                     ; 4604 MB             ; 00:00:00                           ;
; EDA Netlist Writer        ; 00:00:01     ; 1.0                     ; 4623 MB             ; 00:00:01                           ;
; EDA Netlist Writer        ; 00:00:01     ; 1.0                     ; 4623 MB             ; 00:00:01                           ;
; EDA Netlist Writer        ; 00:00:00     ; 1.0                     ; 4623 MB             ; 00:00:01                           ;
; EDA Netlist Writer        ; 00:00:00     ; 1.0                     ; 4623 MB             ; 00:00:01                           ;
; EDA Netlist Writer        ; 00:00:01     ; 1.0                     ; 4623 MB             ; 00:00:01                           ;
; EDA Netlist Writer        ; 00:00:01     ; 1.0                     ; 4623 MB             ; 00:00:01                           ;
; EDA Netlist Writer        ; 00:00:01     ; 1.0                     ; 4623 MB             ; 00:00:00                           ;
; EDA Netlist Writer        ; 00:00:00     ; 1.0                     ; 4623 MB             ; 00:00:01                           ;
; EDA Netlist Writer        ; 00:00:00     ; 1.0                     ; 4623 MB             ; 00:00:01                           ;
; EDA Netlist Writer        ; 00:00:00     ; 1.0                     ; 4623 MB             ; 00:00:01                           ;
; Total                     ; 00:00:47     ; --                      ; --                  ; 00:00:43                           ;
+---------------------------+--------------+-------------------------+---------------------+------------------------------------+


+----------------------------------------------------------------------------------------+
; Flow OS Summary                                                                        ;
+---------------------------+------------------+-----------+------------+----------------+
; Module Name               ; Machine Hostname ; OS Name   ; OS Version ; Processor type ;
+---------------------------+------------------+-----------+------------+----------------+
; Analysis & Synthesis      ; HOME-PC          ; Windows 7 ; 6.2        ; x86_64         ;
; Fitter                    ; HOME-PC          ; Windows 7 ; 6.2        ; x86_64         ;
; Assembler                 ; HOME-PC          ; Windows 7 ; 6.2        ; x86_64         ;
; TimeQuest Timing Analyzer ; HOME-PC          ; Windows 7 ; 6.2        ; x86_64         ;
; EDA Netlist Writer        ; HOME-PC          ; Windows 7 ; 6.2        ; x86_64         ;
; EDA Netlist Writer        ; HOME-PC          ; Windows 7 ; 6.2        ; x86_64         ;
; EDA Netlist Writer        ; HOME-PC          ; Windows 7 ; 6.2        ; x86_64         ;
; EDA Netlist Writer        ; HOME-PC          ; Windows 7 ; 6.2        ; x86_64         ;
; EDA Netlist Writer        ; HOME-PC          ; Windows 7 ; 6.2        ; x86_64         ;
; EDA Netlist Writer        ; HOME-PC          ; Windows 7 ; 6.2        ; x86_64         ;
; EDA Netlist Writer        ; HOME-PC          ; Windows 7 ; 6.2        ; x86_64         ;
; EDA Netlist Writer        ; HOME-PC          ; Windows 7 ; 6.2        ; x86_64         ;
; EDA Netlist Writer        ; HOME-PC          ; Windows 7 ; 6.2        ; x86_64         ;
; EDA Netlist Writer        ; HOME-PC          ; Windows 7 ; 6.2        ; x86_64         ;
; EDA Netlist Writer        ; HOME-PC          ; Windows 7 ; 6.2        ; x86_64         ;
+---------------------------+------------------+-----------+------------+----------------+


------------
; Flow Log ;
------------
quartus_map --read_settings_files=on --write_settings_files=off practica1 -c practica1
quartus_fit --read_settings_files=off --write_settings_files=off practica1 -c practica1
quartus_asm --read_settings_files=off --write_settings_files=off practica1 -c practica1
quartus_sta practica1 -c practica1
quartus_eda --read_settings_files=off --write_settings_files=off practica1 -c practica1
quartus_eda --gen_testbench --check_outputs=on --tool=modelsim_oem --format=verilog practica1 -c practica1 --vector_source=C:/Users/Alex/Desktop/3sem/arxvmis/pract1/Waveform.vwf --testbench_file=C:/Users/Alex/Desktop/3sem/arxvmis/pract1/simulation/qsim/Waveform.vwf.vt
quartus_eda --functional=on --flatten_buses=off --simulation=on --tool=modelsim_oem --format=verilog --output_directory=C:/Users/Alex/Desktop/3sem/arxvmis/pract1/simulation/qsim/ practica1 -c practica1
quartus_eda --gen_testbench --check_outputs=on --tool=modelsim_oem --format=verilog practica1 -c practica1 --vector_source=C:/Users/Alex/Desktop/3sem/arxvmis/pract1/Waveform.vwf --testbench_file=C:/Users/Alex/Desktop/3sem/arxvmis/pract1/simulation/qsim/Waveform.vwf.vt
quartus_eda --functional=on --flatten_buses=off --simulation=on --tool=modelsim_oem --format=verilog --output_directory=C:/Users/Alex/Desktop/3sem/arxvmis/pract1/simulation/qsim/ practica1 -c practica1
quartus_eda --gen_testbench --check_outputs=on --tool=modelsim_oem --format=verilog practica1 -c practica1 --vector_source=C:/Users/Alex/Desktop/3sem/arxvmis/pract1/Waveform.vwf --testbench_file=C:/Users/Alex/Desktop/3sem/arxvmis/pract1/simulation/qsim/Waveform.vwf.vt
quartus_eda --functional=on --flatten_buses=off --simulation=on --tool=modelsim_oem --format=verilog --output_directory=C:/Users/Alex/Desktop/3sem/arxvmis/pract1/simulation/qsim/ practica1 -c practica1
quartus_eda --gen_testbench --check_outputs=on --tool=modelsim_oem --format=verilog practica1 -c practica1 --vector_source=C:/Users/Alex/Desktop/3sem/arxvmis/pract1/Waveform.vwf --testbench_file=C:/Users/Alex/Desktop/3sem/arxvmis/pract1/simulation/qsim/Waveform.vwf.vt
quartus_eda --functional=on --flatten_buses=off --simulation=on --tool=modelsim_oem --format=verilog --output_directory=C:/Users/Alex/Desktop/3sem/arxvmis/pract1/simulation/qsim/ practica1 -c practica1
quartus_eda --gen_testbench --check_outputs=on --tool=modelsim_oem --format=verilog practica1 -c practica1 --vector_source=C:/Users/Alex/Desktop/3sem/arxvmis/pract1/Waveform.vwf --testbench_file=C:/Users/Alex/Desktop/3sem/arxvmis/pract1/simulation/qsim/Waveform.vwf.vt
quartus_eda --functional=on --flatten_buses=off --simulation=on --tool=modelsim_oem --format=verilog --output_directory=C:/Users/Alex/Desktop/3sem/arxvmis/pract1/simulation/qsim/ practica1 -c practica1



